2025-05-20T12:29:50.126833Z INFO  utilrsw.logger Reading info\info.csv
2025-05-20T12:29:50.132434Z INFO  utilrsw.logger Reading GMU simulation: ..\2024-May-Storm-data\dennies_gic_comparison\gic_mean_df_1.csv
2025-05-20T12:29:50.837983Z INFO  utilrsw.logger Saved simulation info table to info\info.simulation.csv
2025-05-20T12:29:50.868026Z INFO  utilrsw.logger Reading beta factors file: ..\2024-May-Storm-data\pulkkinen\waveforms_All.mat
2025-05-20T12:29:51.375107Z INFO  utilrsw.logger Adding interpolated OTT beta column to info_df
2025-05-20T12:29:51.640585Z INFO  utilrsw.logger Reading power pool geography file: ..\2024-May-Storm-data\nerc\nerc_gdf.geojson
2025-05-20T12:29:52.253080Z INFO  utilrsw.logger Saving ..\2024-May-Storm-data\nerc\nerc_gdf_mapped.csv
2025-05-20T12:29:59.271728Z INFO  utilrsw.logger Saving updated info\info.extended.csv
2025-05-20T12:29:59.302090Z INFO  utilrsw.logger   Skipping site 'Allen' due to error message in info.csv:
    x In TVAmagmetadata.dat, but no file
2025-05-20T12:29:59.302090Z INFO  utilrsw.logger   Skipping site 'Colbert' due to error message in info.csv:
    x In TVAmagmetadata.dat, but no file
2025-05-20T12:29:59.302090Z INFO  utilrsw.logger   Skipping site 'Gallatin' due to error message in info.csv:
    x In TVAmagmetadata.dat, but no file
2025-05-20T12:29:59.302090Z INFO  utilrsw.logger   Skipping site 'John Sevier' due to error message in info.csv:
    x In TVAmagmetadata.dat, but no file
2025-05-20T12:29:59.309170Z INFO  utilrsw.logger   Skipping site 'Madison' due to error message in info.csv:
    x In GIC_monitors.txt, but no file
2025-05-20T12:29:59.311194Z INFO  utilrsw.logger   Skipping site 'Shawnee' due to error message in info.csv:
    x In TVAmagmetadata.dat, but no file
2025-05-20T12:29:59.319254Z INFO  utilrsw.logger Writing info/info.json
