2025-07-28T20:09:59.458260Z INFO  utilrsw.logger              site_id  sigma_data     sigma_tva  sigma_gmu        cc_tva    cc_gmu        pe_tva      pe_gmu
0              10052    4.223693 -99999.000000  22.375868 -99999.000000  0.448902 -99999.000000  -21.061227
1              10076    1.816436 -99999.000000   2.546319 -99999.000000  0.245186 -99999.000000   -1.011128
2              10099    4.553419 -99999.000000  47.196834 -99999.000000  0.487584 -99999.000000 -122.253292
3              10238    0.971627 -99999.000000   5.471779 -99999.000000  0.037765 -99999.000000  -33.680878
4              10255    5.433281 -99999.000000   0.000000 -99999.000000       NaN -99999.000000   -0.013629
5              10622    0.433895 -99999.000000   1.136311 -99999.000000  0.192236 -99999.000000   -9.354852
6              10063    0.204138 -99999.000000   0.189683 -99999.000000  0.565224 -99999.000000    0.530237
7              10077    3.959548 -99999.000000   0.000000 -99999.000000       NaN -99999.000000   -0.136844
8              10079    2.866556 -99999.000000   0.000000 -99999.000000       NaN -99999.000000   -0.000151
9              10113    2.069783 -99999.000000   9.935875 -99999.000000  0.537253 -99999.000000  -16.550057
10             10114    2.473980 -99999.000000   6.057592 -99999.000000  0.326817 -99999.000000   -3.943668
11             10115    3.890554 -99999.000000   5.913232 -99999.000000  0.690685 -99999.000000    0.182702
12             10402    1.569798 -99999.000000   4.799860 -99999.000000  0.000021 -99999.000000   -9.380738
13             10428    4.563533 -99999.000000   0.760139 -99999.000000  0.414778 -99999.000000    0.186537
14             10659   18.047783 -99999.000000   0.838129 -99999.000000  0.079362 -99999.000000   -0.073403
15             10660    1.515902 -99999.000000   4.743839 -99999.000000  0.073873 -99999.000000   -8.091951
16             10693    1.353657 -99999.000000   0.842844 -99999.000000  0.158343 -99999.000000    0.099966
17             10184    8.198500 -99999.000000  14.494467 -99999.000000  0.370421 -99999.000000   -0.973608
18             10185    1.273805 -99999.000000   5.803285 -99999.000000  0.447739 -99999.000000  -14.658969
19             10186    1.066194 -99999.000000   0.981311 -99999.000000  0.055526 -99999.000000   -0.413362
20             10187    0.687159 -99999.000000   2.092871 -99999.000000  0.283113 -99999.000000   -6.035197
21             10195    3.851362 -99999.000000   2.030379 -99999.000000  0.352173 -99999.000000    0.347763
22             10197    0.575355 -99999.000000   9.380926 -99999.000000  0.153818 -99999.000000 -253.050169
23             10203    0.782473 -99999.000000   0.488763 -99999.000000  0.103416 -99999.000000    0.011405
24             10204    0.836723 -99999.000000   3.082521 -99999.000000  0.034564 -99999.000000  -12.202317
25             10208    0.651928 -99999.000000   4.081673 -99999.000000  0.174855 -99999.000000  -33.963081
26             10212    0.936944 -99999.000000   3.027286 -99999.000000  0.008968 -99999.000000   -9.827564
27             10220    0.856937 -99999.000000   0.276037 -99999.000000  0.203317 -99999.000000    0.186595
28             10250    1.064119 -99999.000000   1.586257 -99999.000000  0.390873 -99999.000000   -0.610981
29          Bull Run    1.504887      2.167667   0.842844      0.799359  0.240869      0.497945    0.235823
30           Gleason    1.515243 -99999.000000   4.743839 -99999.000000  0.073879 -99999.000000   -8.099653
31      Johnsonville    0.959746 -99999.000000   7.717300 -99999.000000  0.358111 -99999.000000  -55.033566
32        Montgomery    3.705215      1.002718   7.737046      0.863724  0.068183      0.429772   -3.269864
33        Paradise 3    1.973754 -99999.000000   6.908986 -99999.000000  0.227808 -99999.000000   -8.911543
34           Pinhook    0.935864 -99999.000000   3.027286 -99999.000000  0.008986 -99999.000000   -9.850351
35  Raccoon Mountain    0.781244 -99999.000000   1.046452 -99999.000000  0.542342 -99999.000000    0.178314
36        Rutherford    0.650858 -99999.000000   4.081673 -99999.000000  0.174907 -99999.000000  -34.082666
37            Shelby    0.835661 -99999.000000   3.082521 -99999.000000  0.034524 -99999.000000  -12.235894
38         Southaven    0.766351 -99999.000000   0.678534 -99999.000000  0.255833 -99999.000000    0.108317
39          Sullivan    0.574150 -99999.000000   9.380926 -99999.000000  0.154262 -99999.000000 -254.121841
40             Union    3.753077      3.548320   4.421469      0.668817  0.364621      0.651512    0.034812
41           Weakley    0.888260 -99999.000000   3.756816 -99999.000000  0.013772 -99999.000000  -16.895265
42      Widows Creek    1.942709      1.212003   0.600566      0.670832  0.341185      0.631476    0.265556
2025-07-28T20:10:13.111817Z INFO  utilrsw.logger      site_id  sigma_data  sigma_swmf  sigma_mage  sigma_ggcm   cc_swmf   cc_mage   cc_ggcm   pe_swmf   pe_mage   pe_ggcm
0      50100   86.783033   41.795064  175.011044  260.519757  0.423244  0.141537  0.094271 -2.899102 -5.624884 -7.933116
1      50127   75.729874   42.273539  158.174553  244.419465  0.232779  0.093833  0.093001 -5.157107 -4.786838 -8.735807
2      50112  287.092686   73.817895  152.124980  308.847456  0.233369  0.176094  0.042708 -0.842992  0.122002 -0.735723
3      50131  108.294475   54.462019  200.981853  249.928366  0.284336  0.305330  0.174054 -1.628624 -2.433204 -3.647017
4      50132  113.603578   54.947838  201.216914  248.446160  0.289865  0.323317  0.173554 -1.551693 -2.006124 -3.131811
5      50103   84.503419   45.735259  173.053052  253.900583  0.383137  0.175425  0.071200 -2.748389 -6.104439 -8.176182
6      50104   99.252373   51.266861  200.066421  252.389572  0.333608  0.252436  0.086156 -2.271404 -3.124436 -5.255238
7      50109   95.968014   50.214019  200.025107  250.598913  0.337810  0.275338  0.080591 -2.253351 -3.619791 -5.709425
8      50115  177.174097   61.096365  166.949822  264.584567  0.266723  0.256842  0.067725 -1.078697 -0.082071 -1.450948
9      50116  103.296072   52.786389  203.489146  253.770180  0.335197  0.313583  0.059560 -1.899686 -3.400925 -5.125132
10     50117   94.959330   52.073378  216.391173  253.479779  0.320024  0.198206  0.043848 -2.014134 -4.305431 -6.524516
11     50118  132.742519   57.198443  204.473716  253.820749  0.287191  0.327049  0.062048 -1.403400 -1.265020 -2.753047
12     50119   92.759736   49.231347  199.930345  249.405181  0.354880  0.276198  0.080954 -2.280677 -4.286530 -6.164671
13     50120   85.301914   47.307875  204.300279  250.327053  0.363613  0.234512  0.062057 -2.695405 -7.546608 -7.787299
14     50122   90.149703   49.185976  171.361799  248.937285  0.359812  0.209769  0.068014 -2.415781 -4.890353 -6.681941
15  Bull Run   99.102168   51.290406  200.018907  252.451379  0.330951  0.256073  0.080138 -2.360737 -3.077166 -5.304007
16     Union   85.771052   47.382324  204.580341  250.015976  0.359466  0.240490  0.066202 -2.707693 -7.548644 -7.601401
