2025-07-28T17:43:14.599857Z INFO  utilrsw.logger Writing ..\2024-May-Storm-data\_processed\10052\GIC_compare_timeseries.png
2025-07-28T17:43:15.414210Z INFO  utilrsw.logger Writing ..\2024-May-Storm-data\_processed\10052\GIC_compare_timeseries.pdf
2025-07-28T17:43:16.487746Z INFO  utilrsw.logger Writing ..\2024-May-Storm-data\_processed\10052\GIC_compare_timeseries_GMU.png
2025-07-28T17:43:17.888335Z INFO  utilrsw.logger Writing ..\2024-May-Storm-data\_processed\10052\GIC_compare_timeseries_GMU.pdf
2025-07-28T17:43:18.340996Z INFO  utilrsw.logger Writing ..\2024-May-Storm-data\_processed\10052\GIC_compare_correlation.png
2025-07-28T17:43:19.139702Z INFO  utilrsw.logger Writing ..\2024-May-Storm-data\_processed\10052\GIC_compare_correlation.pdf
2025-07-28T17:43:19.602144Z INFO  utilrsw.logger Writing ..\2024-May-Storm-data\_processed\10052\GIC_compare_correlation_GMU.png
2025-07-28T17:43:20.302284Z INFO  utilrsw.logger Writing ..\2024-May-Storm-data\_processed\10052\GIC_compare_correlation_GMU.pdf
2025-07-28T17:43:20.687561Z INFO  utilrsw.logger Writing ..\2024-May-Storm-data\_processed\10052\GIC_histogram_meas_calc.png
2025-07-28T17:43:21.396222Z INFO  utilrsw.logger Writing ..\2024-May-Storm-data\_processed\10052\GIC_histogram_meas_calc.pdf
2025-07-28T17:43:22.087170Z INFO  utilrsw.logger Writing ..\2024-May-Storm-data\_processed\10076\GIC_compare_timeseries.png
2025-07-28T17:43:22.839135Z INFO  utilrsw.logger Writing ..\2024-May-Storm-data\_processed\10076\GIC_compare_timeseries.pdf
2025-07-28T17:43:23.465060Z INFO  utilrsw.logger Writing ..\2024-May-Storm-data\_processed\10076\GIC_compare_timeseries_GMU.png
2025-07-28T17:43:24.288304Z INFO  utilrsw.logger Writing ..\2024-May-Storm-data\_processed\10076\GIC_compare_timeseries_GMU.pdf
2025-07-28T17:43:24.731632Z INFO  utilrsw.logger Writing ..\2024-May-Storm-data\_processed\10076\GIC_compare_correlation.png
2025-07-28T17:43:25.448839Z INFO  utilrsw.logger Writing ..\2024-May-Storm-data\_processed\10076\GIC_compare_correlation.pdf
2025-07-28T17:43:25.863512Z INFO  utilrsw.logger Writing ..\2024-May-Storm-data\_processed\10076\GIC_compare_correlation_GMU.png
2025-07-28T17:43:26.692145Z INFO  utilrsw.logger Writing ..\2024-May-Storm-data\_processed\10076\GIC_compare_correlation_GMU.pdf
2025-07-28T17:43:27.047701Z INFO  utilrsw.logger Writing ..\2024-May-Storm-data\_processed\10076\GIC_histogram_meas_calc.png
2025-07-28T17:43:27.705657Z INFO  utilrsw.logger Writing ..\2024-May-Storm-data\_processed\10076\GIC_histogram_meas_calc.pdf
2025-07-28T17:43:28.274849Z INFO  utilrsw.logger Writing ..\2024-May-Storm-data\_processed\10099\GIC_compare_timeseries.png
2025-07-28T17:43:29.118268Z INFO  utilrsw.logger Writing ..\2024-May-Storm-data\_processed\10099\GIC_compare_timeseries.pdf
2025-07-28T17:43:29.751012Z INFO  utilrsw.logger Writing ..\2024-May-Storm-data\_processed\10099\GIC_compare_timeseries_GMU.png
2025-07-28T17:43:30.939230Z INFO  utilrsw.logger Writing ..\2024-May-Storm-data\_processed\10099\GIC_compare_timeseries_GMU.pdf
2025-07-28T17:43:31.377106Z INFO  utilrsw.logger Writing ..\2024-May-Storm-data\_processed\10099\GIC_compare_correlation.png
2025-07-28T17:43:32.099051Z INFO  utilrsw.logger Writing ..\2024-May-Storm-data\_processed\10099\GIC_compare_correlation.pdf
2025-07-28T17:43:32.490997Z INFO  utilrsw.logger Writing ..\2024-May-Storm-data\_processed\10099\GIC_compare_correlation_GMU.png
2025-07-28T17:43:33.163374Z INFO  utilrsw.logger Writing ..\2024-May-Storm-data\_processed\10099\GIC_compare_correlation_GMU.pdf
2025-07-28T17:43:33.451033Z INFO  utilrsw.logger Writing ..\2024-May-Storm-data\_processed\10099\GIC_histogram_meas_calc.png
2025-07-28T17:43:34.070051Z INFO  utilrsw.logger Writing ..\2024-May-Storm-data\_processed\10099\GIC_histogram_meas_calc.pdf
2025-07-28T17:43:34.580939Z INFO  utilrsw.logger Writing ..\2024-May-Storm-data\_processed\10238\GIC_compare_timeseries.png
2025-07-28T17:43:35.468415Z INFO  utilrsw.logger Writing ..\2024-May-Storm-data\_processed\10238\GIC_compare_timeseries.pdf
2025-07-28T17:43:36.059062Z INFO  utilrsw.logger Writing ..\2024-May-Storm-data\_processed\10238\GIC_compare_timeseries_GMU.png
2025-07-28T17:43:37.066562Z INFO  utilrsw.logger Writing ..\2024-May-Storm-data\_processed\10238\GIC_compare_timeseries_GMU.pdf
2025-07-28T17:43:37.536370Z INFO  utilrsw.logger Writing ..\2024-May-Storm-data\_processed\10238\GIC_compare_correlation.png
2025-07-28T17:43:38.269204Z INFO  utilrsw.logger Writing ..\2024-May-Storm-data\_processed\10238\GIC_compare_correlation.pdf
2025-07-28T17:43:38.648296Z INFO  utilrsw.logger Writing ..\2024-May-Storm-data\_processed\10238\GIC_compare_correlation_GMU.png
2025-07-28T17:43:39.287008Z INFO  utilrsw.logger Writing ..\2024-May-Storm-data\_processed\10238\GIC_compare_correlation_GMU.pdf
2025-07-28T17:43:39.604953Z INFO  utilrsw.logger Writing ..\2024-May-Storm-data\_processed\10238\GIC_histogram_meas_calc.png
2025-07-28T17:43:40.306466Z INFO  utilrsw.logger Writing ..\2024-May-Storm-data\_processed\10238\GIC_histogram_meas_calc.pdf
2025-07-28T17:43:40.939656Z INFO  utilrsw.logger Writing ..\2024-May-Storm-data\_processed\10255\GIC_compare_timeseries.png
2025-07-28T17:43:41.767096Z INFO  utilrsw.logger Writing ..\2024-May-Storm-data\_processed\10255\GIC_compare_timeseries.pdf
2025-07-28T17:43:42.568125Z INFO  utilrsw.logger Writing ..\2024-May-Storm-data\_processed\10255\GIC_compare_timeseries_GMU.png
2025-07-28T17:43:43.447448Z INFO  utilrsw.logger Writing ..\2024-May-Storm-data\_processed\10255\GIC_compare_timeseries_GMU.pdf
2025-07-28T17:43:43.898369Z INFO  utilrsw.logger Writing ..\2024-May-Storm-data\_processed\10255\GIC_compare_correlation.png
2025-07-28T17:43:44.606255Z INFO  utilrsw.logger Writing ..\2024-May-Storm-data\_processed\10255\GIC_compare_correlation.pdf
2025-07-28T17:43:45.002801Z INFO  utilrsw.logger Writing ..\2024-May-Storm-data\_processed\10255\GIC_compare_correlation_GMU.png
2025-07-28T17:43:45.714406Z INFO  utilrsw.logger Writing ..\2024-May-Storm-data\_processed\10255\GIC_compare_correlation_GMU.pdf
2025-07-28T17:43:46.085985Z INFO  utilrsw.logger Writing ..\2024-May-Storm-data\_processed\10255\GIC_histogram_meas_calc.png
2025-07-28T17:43:46.755323Z INFO  utilrsw.logger Writing ..\2024-May-Storm-data\_processed\10255\GIC_histogram_meas_calc.pdf
2025-07-28T17:43:47.285510Z INFO  utilrsw.logger Writing ..\2024-May-Storm-data\_processed\10622\GIC_compare_timeseries.png
2025-07-28T17:43:48.092101Z INFO  utilrsw.logger Writing ..\2024-May-Storm-data\_processed\10622\GIC_compare_timeseries.pdf
2025-07-28T17:43:48.661231Z INFO  utilrsw.logger Writing ..\2024-May-Storm-data\_processed\10622\GIC_compare_timeseries_GMU.png
2025-07-28T17:43:49.462626Z INFO  utilrsw.logger Writing ..\2024-May-Storm-data\_processed\10622\GIC_compare_timeseries_GMU.pdf
2025-07-28T17:43:49.880578Z INFO  utilrsw.logger Writing ..\2024-May-Storm-data\_processed\10622\GIC_compare_correlation.png
2025-07-28T17:43:50.602574Z INFO  utilrsw.logger Writing ..\2024-May-Storm-data\_processed\10622\GIC_compare_correlation.pdf
2025-07-28T17:43:51.011077Z INFO  utilrsw.logger Writing ..\2024-May-Storm-data\_processed\10622\GIC_compare_correlation_GMU.png
2025-07-28T17:43:51.724801Z INFO  utilrsw.logger Writing ..\2024-May-Storm-data\_processed\10622\GIC_compare_correlation_GMU.pdf
2025-07-28T17:43:52.121155Z INFO  utilrsw.logger Writing ..\2024-May-Storm-data\_processed\10622\GIC_histogram_meas_calc.png
2025-07-28T17:43:52.705587Z INFO  utilrsw.logger Writing ..\2024-May-Storm-data\_processed\10622\GIC_histogram_meas_calc.pdf
2025-07-28T17:43:53.262006Z INFO  utilrsw.logger Writing ..\2024-May-Storm-data\_processed\10063\GIC_compare_timeseries.png
2025-07-28T17:43:54.158624Z INFO  utilrsw.logger Writing ..\2024-May-Storm-data\_processed\10063\GIC_compare_timeseries.pdf
2025-07-28T17:43:54.785569Z INFO  utilrsw.logger Writing ..\2024-May-Storm-data\_processed\10063\GIC_compare_timeseries_GMU.png
2025-07-28T17:43:55.511170Z INFO  utilrsw.logger Writing ..\2024-May-Storm-data\_processed\10063\GIC_compare_timeseries_GMU.pdf
2025-07-28T17:43:55.924630Z INFO  utilrsw.logger Writing ..\2024-May-Storm-data\_processed\10063\GIC_compare_correlation.png
2025-07-28T17:43:56.648725Z INFO  utilrsw.logger Writing ..\2024-May-Storm-data\_processed\10063\GIC_compare_correlation.pdf
2025-07-28T17:43:57.021895Z INFO  utilrsw.logger Writing ..\2024-May-Storm-data\_processed\10063\GIC_compare_correlation_GMU.png
2025-07-28T17:43:57.707381Z INFO  utilrsw.logger Writing ..\2024-May-Storm-data\_processed\10063\GIC_compare_correlation_GMU.pdf
2025-07-28T17:43:58.390720Z INFO  utilrsw.logger Writing ..\2024-May-Storm-data\_processed\10063\GIC_histogram_meas_calc.png
2025-07-28T17:43:58.982848Z INFO  utilrsw.logger Writing ..\2024-May-Storm-data\_processed\10063\GIC_histogram_meas_calc.pdf
2025-07-28T17:43:59.531755Z INFO  utilrsw.logger Writing ..\2024-May-Storm-data\_processed\10077\GIC_compare_timeseries.png
2025-07-28T17:44:00.387588Z INFO  utilrsw.logger Writing ..\2024-May-Storm-data\_processed\10077\GIC_compare_timeseries.pdf
2025-07-28T17:44:00.989130Z INFO  utilrsw.logger Writing ..\2024-May-Storm-data\_processed\10077\GIC_compare_timeseries_GMU.png
2025-07-28T17:44:01.839585Z INFO  utilrsw.logger Writing ..\2024-May-Storm-data\_processed\10077\GIC_compare_timeseries_GMU.pdf
2025-07-28T17:44:02.275460Z INFO  utilrsw.logger Writing ..\2024-May-Storm-data\_processed\10077\GIC_compare_correlation.png
2025-07-28T17:44:03.010751Z INFO  utilrsw.logger Writing ..\2024-May-Storm-data\_processed\10077\GIC_compare_correlation.pdf
2025-07-28T17:44:03.448937Z INFO  utilrsw.logger Writing ..\2024-May-Storm-data\_processed\10077\GIC_compare_correlation_GMU.png
2025-07-28T17:44:04.140374Z INFO  utilrsw.logger Writing ..\2024-May-Storm-data\_processed\10077\GIC_compare_correlation_GMU.pdf
2025-07-28T17:44:04.509891Z INFO  utilrsw.logger Writing ..\2024-May-Storm-data\_processed\10077\GIC_histogram_meas_calc.png
2025-07-28T17:44:05.108314Z INFO  utilrsw.logger Writing ..\2024-May-Storm-data\_processed\10077\GIC_histogram_meas_calc.pdf
2025-07-28T17:44:05.629396Z INFO  utilrsw.logger Writing ..\2024-May-Storm-data\_processed\10079\GIC_compare_timeseries.png
2025-07-28T17:44:06.473774Z INFO  utilrsw.logger Writing ..\2024-May-Storm-data\_processed\10079\GIC_compare_timeseries.pdf
2025-07-28T17:44:07.100930Z INFO  utilrsw.logger Writing ..\2024-May-Storm-data\_processed\10079\GIC_compare_timeseries_GMU.png
2025-07-28T17:44:07.931898Z INFO  utilrsw.logger Writing ..\2024-May-Storm-data\_processed\10079\GIC_compare_timeseries_GMU.pdf
2025-07-28T17:44:08.464178Z INFO  utilrsw.logger Writing ..\2024-May-Storm-data\_processed\10079\GIC_compare_correlation.png
2025-07-28T17:44:09.310219Z INFO  utilrsw.logger Writing ..\2024-May-Storm-data\_processed\10079\GIC_compare_correlation.pdf
2025-07-28T17:44:09.795604Z INFO  utilrsw.logger Writing ..\2024-May-Storm-data\_processed\10079\GIC_compare_correlation_GMU.png
2025-07-28T17:44:10.471201Z INFO  utilrsw.logger Writing ..\2024-May-Storm-data\_processed\10079\GIC_compare_correlation_GMU.pdf
2025-07-28T17:44:10.834924Z INFO  utilrsw.logger Writing ..\2024-May-Storm-data\_processed\10079\GIC_histogram_meas_calc.png
2025-07-28T17:44:11.486113Z INFO  utilrsw.logger Writing ..\2024-May-Storm-data\_processed\10079\GIC_histogram_meas_calc.pdf
2025-07-28T17:44:12.015296Z INFO  utilrsw.logger Writing ..\2024-May-Storm-data\_processed\10113\GIC_compare_timeseries.png
2025-07-28T17:44:12.886547Z INFO  utilrsw.logger Writing ..\2024-May-Storm-data\_processed\10113\GIC_compare_timeseries.pdf
2025-07-28T17:44:13.557751Z INFO  utilrsw.logger Writing ..\2024-May-Storm-data\_processed\10113\GIC_compare_timeseries_GMU.png
2025-07-28T17:44:14.500189Z INFO  utilrsw.logger Writing ..\2024-May-Storm-data\_processed\10113\GIC_compare_timeseries_GMU.pdf
2025-07-28T17:44:15.196673Z INFO  utilrsw.logger Writing ..\2024-May-Storm-data\_processed\10113\GIC_compare_correlation.png
2025-07-28T17:44:15.968269Z INFO  utilrsw.logger Writing ..\2024-May-Storm-data\_processed\10113\GIC_compare_correlation.pdf
2025-07-28T17:44:16.421813Z INFO  utilrsw.logger Writing ..\2024-May-Storm-data\_processed\10113\GIC_compare_correlation_GMU.png
2025-07-28T17:44:17.111110Z INFO  utilrsw.logger Writing ..\2024-May-Storm-data\_processed\10113\GIC_compare_correlation_GMU.pdf
2025-07-28T17:44:17.465802Z INFO  utilrsw.logger Writing ..\2024-May-Storm-data\_processed\10113\GIC_histogram_meas_calc.png
2025-07-28T17:44:18.121810Z INFO  utilrsw.logger Writing ..\2024-May-Storm-data\_processed\10113\GIC_histogram_meas_calc.pdf
2025-07-28T17:44:18.693195Z INFO  utilrsw.logger Writing ..\2024-May-Storm-data\_processed\10114\GIC_compare_timeseries.png
2025-07-28T17:44:19.552683Z INFO  utilrsw.logger Writing ..\2024-May-Storm-data\_processed\10114\GIC_compare_timeseries.pdf
2025-07-28T17:44:20.170134Z INFO  utilrsw.logger Writing ..\2024-May-Storm-data\_processed\10114\GIC_compare_timeseries_GMU.png
2025-07-28T17:44:21.134721Z INFO  utilrsw.logger Writing ..\2024-May-Storm-data\_processed\10114\GIC_compare_timeseries_GMU.pdf
2025-07-28T17:44:21.606525Z INFO  utilrsw.logger Writing ..\2024-May-Storm-data\_processed\10114\GIC_compare_correlation.png
2025-07-28T17:44:22.318166Z INFO  utilrsw.logger Writing ..\2024-May-Storm-data\_processed\10114\GIC_compare_correlation.pdf
2025-07-28T17:44:22.721578Z INFO  utilrsw.logger Writing ..\2024-May-Storm-data\_processed\10114\GIC_compare_correlation_GMU.png
2025-07-28T17:44:23.443767Z INFO  utilrsw.logger Writing ..\2024-May-Storm-data\_processed\10114\GIC_compare_correlation_GMU.pdf
2025-07-28T17:44:23.789042Z INFO  utilrsw.logger Writing ..\2024-May-Storm-data\_processed\10114\GIC_histogram_meas_calc.png
2025-07-28T17:44:24.416874Z INFO  utilrsw.logger Writing ..\2024-May-Storm-data\_processed\10114\GIC_histogram_meas_calc.pdf
2025-07-28T17:44:24.936961Z INFO  utilrsw.logger Writing ..\2024-May-Storm-data\_processed\10115\GIC_compare_timeseries.png
2025-07-28T17:44:25.873544Z INFO  utilrsw.logger Writing ..\2024-May-Storm-data\_processed\10115\GIC_compare_timeseries.pdf
2025-07-28T17:44:26.463263Z INFO  utilrsw.logger Writing ..\2024-May-Storm-data\_processed\10115\GIC_compare_timeseries_GMU.png
2025-07-28T17:44:27.455214Z INFO  utilrsw.logger Writing ..\2024-May-Storm-data\_processed\10115\GIC_compare_timeseries_GMU.pdf
2025-07-28T17:44:27.895699Z INFO  utilrsw.logger Writing ..\2024-May-Storm-data\_processed\10115\GIC_compare_correlation.png
2025-07-28T17:44:28.678581Z INFO  utilrsw.logger Writing ..\2024-May-Storm-data\_processed\10115\GIC_compare_correlation.pdf
2025-07-28T17:44:29.067412Z INFO  utilrsw.logger Writing ..\2024-May-Storm-data\_processed\10115\GIC_compare_correlation_GMU.png
2025-07-28T17:44:29.834952Z INFO  utilrsw.logger Writing ..\2024-May-Storm-data\_processed\10115\GIC_compare_correlation_GMU.pdf
2025-07-28T17:44:30.245843Z INFO  utilrsw.logger Writing ..\2024-May-Storm-data\_processed\10115\GIC_histogram_meas_calc.png
2025-07-28T17:44:30.900430Z INFO  utilrsw.logger Writing ..\2024-May-Storm-data\_processed\10115\GIC_histogram_meas_calc.pdf
2025-07-28T17:44:31.750452Z INFO  utilrsw.logger Writing ..\2024-May-Storm-data\_processed\10402\GIC_compare_timeseries.png
2025-07-28T17:44:32.547258Z INFO  utilrsw.logger Writing ..\2024-May-Storm-data\_processed\10402\GIC_compare_timeseries.pdf
2025-07-28T17:44:33.137281Z INFO  utilrsw.logger Writing ..\2024-May-Storm-data\_processed\10402\GIC_compare_timeseries_GMU.png
2025-07-28T17:44:34.097238Z INFO  utilrsw.logger Writing ..\2024-May-Storm-data\_processed\10402\GIC_compare_timeseries_GMU.pdf
2025-07-28T17:44:34.567491Z INFO  utilrsw.logger Writing ..\2024-May-Storm-data\_processed\10402\GIC_compare_correlation.png
2025-07-28T17:44:35.321974Z INFO  utilrsw.logger Writing ..\2024-May-Storm-data\_processed\10402\GIC_compare_correlation.pdf
2025-07-28T17:44:35.728036Z INFO  utilrsw.logger Writing ..\2024-May-Storm-data\_processed\10402\GIC_compare_correlation_GMU.png
2025-07-28T17:44:36.476623Z INFO  utilrsw.logger Writing ..\2024-May-Storm-data\_processed\10402\GIC_compare_correlation_GMU.pdf
2025-07-28T17:44:36.861887Z INFO  utilrsw.logger Writing ..\2024-May-Storm-data\_processed\10402\GIC_histogram_meas_calc.png
2025-07-28T17:44:37.516932Z INFO  utilrsw.logger Writing ..\2024-May-Storm-data\_processed\10402\GIC_histogram_meas_calc.pdf
2025-07-28T17:44:38.094516Z INFO  utilrsw.logger Writing ..\2024-May-Storm-data\_processed\10428\GIC_compare_timeseries.png
2025-07-28T17:44:38.959909Z INFO  utilrsw.logger Writing ..\2024-May-Storm-data\_processed\10428\GIC_compare_timeseries.pdf
2025-07-28T17:44:39.583002Z INFO  utilrsw.logger Writing ..\2024-May-Storm-data\_processed\10428\GIC_compare_timeseries_GMU.png
2025-07-28T17:44:40.500459Z INFO  utilrsw.logger Writing ..\2024-May-Storm-data\_processed\10428\GIC_compare_timeseries_GMU.pdf
2025-07-28T17:44:40.975834Z INFO  utilrsw.logger Writing ..\2024-May-Storm-data\_processed\10428\GIC_compare_correlation.png
2025-07-28T17:44:41.701487Z INFO  utilrsw.logger Writing ..\2024-May-Storm-data\_processed\10428\GIC_compare_correlation.pdf
2025-07-28T17:44:42.122207Z INFO  utilrsw.logger Writing ..\2024-May-Storm-data\_processed\10428\GIC_compare_correlation_GMU.png
2025-07-28T17:44:42.826045Z INFO  utilrsw.logger Writing ..\2024-May-Storm-data\_processed\10428\GIC_compare_correlation_GMU.pdf
2025-07-28T17:44:43.217577Z INFO  utilrsw.logger Writing ..\2024-May-Storm-data\_processed\10428\GIC_histogram_meas_calc.png
2025-07-28T17:44:43.843569Z INFO  utilrsw.logger Writing ..\2024-May-Storm-data\_processed\10428\GIC_histogram_meas_calc.pdf
2025-07-28T17:44:44.426811Z INFO  utilrsw.logger Writing ..\2024-May-Storm-data\_processed\10659\GIC_compare_timeseries.png
2025-07-28T17:44:45.283427Z INFO  utilrsw.logger Writing ..\2024-May-Storm-data\_processed\10659\GIC_compare_timeseries.pdf
2025-07-28T17:44:45.915521Z INFO  utilrsw.logger Writing ..\2024-May-Storm-data\_processed\10659\GIC_compare_timeseries_GMU.png
2025-07-28T17:44:47.024894Z INFO  utilrsw.logger Writing ..\2024-May-Storm-data\_processed\10659\GIC_compare_timeseries_GMU.pdf
2025-07-28T17:44:47.446823Z INFO  utilrsw.logger Writing ..\2024-May-Storm-data\_processed\10659\GIC_compare_correlation.png
2025-07-28T17:44:48.162059Z INFO  utilrsw.logger Writing ..\2024-May-Storm-data\_processed\10659\GIC_compare_correlation.pdf
2025-07-28T17:44:48.838331Z INFO  utilrsw.logger Writing ..\2024-May-Storm-data\_processed\10659\GIC_compare_correlation_GMU.png
2025-07-28T17:44:49.514770Z INFO  utilrsw.logger Writing ..\2024-May-Storm-data\_processed\10659\GIC_compare_correlation_GMU.pdf
2025-07-28T17:44:49.862020Z INFO  utilrsw.logger Writing ..\2024-May-Storm-data\_processed\10659\GIC_histogram_meas_calc.png
2025-07-28T17:44:50.491588Z INFO  utilrsw.logger Writing ..\2024-May-Storm-data\_processed\10659\GIC_histogram_meas_calc.pdf
2025-07-28T17:44:51.067264Z INFO  utilrsw.logger Writing ..\2024-May-Storm-data\_processed\10660\GIC_compare_timeseries.png
2025-07-28T17:44:51.912378Z INFO  utilrsw.logger Writing ..\2024-May-Storm-data\_processed\10660\GIC_compare_timeseries.pdf
2025-07-28T17:44:52.494918Z INFO  utilrsw.logger Writing ..\2024-May-Storm-data\_processed\10660\GIC_compare_timeseries_GMU.png
2025-07-28T17:44:53.413608Z INFO  utilrsw.logger Writing ..\2024-May-Storm-data\_processed\10660\GIC_compare_timeseries_GMU.pdf
2025-07-28T17:44:53.902920Z INFO  utilrsw.logger Writing ..\2024-May-Storm-data\_processed\10660\GIC_compare_correlation.png
2025-07-28T17:44:54.654014Z INFO  utilrsw.logger Writing ..\2024-May-Storm-data\_processed\10660\GIC_compare_correlation.pdf
2025-07-28T17:44:55.091418Z INFO  utilrsw.logger Writing ..\2024-May-Storm-data\_processed\10660\GIC_compare_correlation_GMU.png
2025-07-28T17:44:55.843877Z INFO  utilrsw.logger Writing ..\2024-May-Storm-data\_processed\10660\GIC_compare_correlation_GMU.pdf
2025-07-28T17:44:56.302530Z INFO  utilrsw.logger Writing ..\2024-May-Storm-data\_processed\10660\GIC_histogram_meas_calc.png
2025-07-28T17:44:56.972957Z INFO  utilrsw.logger Writing ..\2024-May-Storm-data\_processed\10660\GIC_histogram_meas_calc.pdf
2025-07-28T17:44:57.552969Z INFO  utilrsw.logger Writing ..\2024-May-Storm-data\_processed\10693\GIC_compare_timeseries.png
2025-07-28T17:44:58.405248Z INFO  utilrsw.logger Writing ..\2024-May-Storm-data\_processed\10693\GIC_compare_timeseries.pdf
2025-07-28T17:44:59.011691Z INFO  utilrsw.logger Writing ..\2024-May-Storm-data\_processed\10693\GIC_compare_timeseries_GMU.png
2025-07-28T17:44:59.842158Z INFO  utilrsw.logger Writing ..\2024-May-Storm-data\_processed\10693\GIC_compare_timeseries_GMU.pdf
2025-07-28T17:45:00.408690Z INFO  utilrsw.logger Writing ..\2024-May-Storm-data\_processed\10693\GIC_compare_correlation.png
2025-07-28T17:45:01.140493Z INFO  utilrsw.logger Writing ..\2024-May-Storm-data\_processed\10693\GIC_compare_correlation.pdf
2025-07-28T17:45:01.577993Z INFO  utilrsw.logger Writing ..\2024-May-Storm-data\_processed\10693\GIC_compare_correlation_GMU.png
2025-07-28T17:45:02.310708Z INFO  utilrsw.logger Writing ..\2024-May-Storm-data\_processed\10693\GIC_compare_correlation_GMU.pdf
2025-07-28T17:45:02.771842Z INFO  utilrsw.logger Writing ..\2024-May-Storm-data\_processed\10693\GIC_histogram_meas_calc.png
2025-07-28T17:45:03.485292Z INFO  utilrsw.logger Writing ..\2024-May-Storm-data\_processed\10693\GIC_histogram_meas_calc.pdf
2025-07-28T17:45:04.066282Z INFO  utilrsw.logger Writing ..\2024-May-Storm-data\_processed\10184\GIC_compare_timeseries.png
2025-07-28T17:45:04.949667Z INFO  utilrsw.logger Writing ..\2024-May-Storm-data\_processed\10184\GIC_compare_timeseries.pdf
2025-07-28T17:45:05.872886Z INFO  utilrsw.logger Writing ..\2024-May-Storm-data\_processed\10184\GIC_compare_timeseries_GMU.png
2025-07-28T17:45:07.064711Z INFO  utilrsw.logger Writing ..\2024-May-Storm-data\_processed\10184\GIC_compare_timeseries_GMU.pdf
2025-07-28T17:45:07.581120Z INFO  utilrsw.logger Writing ..\2024-May-Storm-data\_processed\10184\GIC_compare_correlation.png
2025-07-28T17:45:08.380196Z INFO  utilrsw.logger Writing ..\2024-May-Storm-data\_processed\10184\GIC_compare_correlation.pdf
2025-07-28T17:45:08.873358Z INFO  utilrsw.logger Writing ..\2024-May-Storm-data\_processed\10184\GIC_compare_correlation_GMU.png
2025-07-28T17:45:09.569778Z INFO  utilrsw.logger Writing ..\2024-May-Storm-data\_processed\10184\GIC_compare_correlation_GMU.pdf
2025-07-28T17:45:09.973943Z INFO  utilrsw.logger Writing ..\2024-May-Storm-data\_processed\10184\GIC_histogram_meas_calc.png
2025-07-28T17:45:10.598342Z INFO  utilrsw.logger Writing ..\2024-May-Storm-data\_processed\10184\GIC_histogram_meas_calc.pdf
2025-07-28T17:45:11.165375Z INFO  utilrsw.logger Writing ..\2024-May-Storm-data\_processed\10185\GIC_compare_timeseries.png
2025-07-28T17:45:11.953033Z INFO  utilrsw.logger Writing ..\2024-May-Storm-data\_processed\10185\GIC_compare_timeseries.pdf
2025-07-28T17:45:12.565082Z INFO  utilrsw.logger Writing ..\2024-May-Storm-data\_processed\10185\GIC_compare_timeseries_GMU.png
2025-07-28T17:45:13.534738Z INFO  utilrsw.logger Writing ..\2024-May-Storm-data\_processed\10185\GIC_compare_timeseries_GMU.pdf
2025-07-28T17:45:14.060774Z INFO  utilrsw.logger Writing ..\2024-May-Storm-data\_processed\10185\GIC_compare_correlation.png
2025-07-28T17:45:14.791813Z INFO  utilrsw.logger Writing ..\2024-May-Storm-data\_processed\10185\GIC_compare_correlation.pdf
2025-07-28T17:45:15.222246Z INFO  utilrsw.logger Writing ..\2024-May-Storm-data\_processed\10185\GIC_compare_correlation_GMU.png
2025-07-28T17:45:15.927635Z INFO  utilrsw.logger Writing ..\2024-May-Storm-data\_processed\10185\GIC_compare_correlation_GMU.pdf
2025-07-28T17:45:16.325669Z INFO  utilrsw.logger Writing ..\2024-May-Storm-data\_processed\10185\GIC_histogram_meas_calc.png
2025-07-28T17:45:17.014013Z INFO  utilrsw.logger Writing ..\2024-May-Storm-data\_processed\10185\GIC_histogram_meas_calc.pdf
2025-07-28T17:45:17.607033Z INFO  utilrsw.logger Writing ..\2024-May-Storm-data\_processed\10186\GIC_compare_timeseries.png
2025-07-28T17:45:18.500303Z INFO  utilrsw.logger Writing ..\2024-May-Storm-data\_processed\10186\GIC_compare_timeseries.pdf
2025-07-28T17:45:19.091735Z INFO  utilrsw.logger Writing ..\2024-May-Storm-data\_processed\10186\GIC_compare_timeseries_GMU.png
2025-07-28T17:45:19.970364Z INFO  utilrsw.logger Writing ..\2024-May-Storm-data\_processed\10186\GIC_compare_timeseries_GMU.pdf
2025-07-28T17:45:20.401095Z INFO  utilrsw.logger Writing ..\2024-May-Storm-data\_processed\10186\GIC_compare_correlation.png
2025-07-28T17:45:21.196419Z INFO  utilrsw.logger Writing ..\2024-May-Storm-data\_processed\10186\GIC_compare_correlation.pdf
2025-07-28T17:45:21.918688Z INFO  utilrsw.logger Writing ..\2024-May-Storm-data\_processed\10186\GIC_compare_correlation_GMU.png
2025-07-28T17:45:22.614319Z INFO  utilrsw.logger Writing ..\2024-May-Storm-data\_processed\10186\GIC_compare_correlation_GMU.pdf
2025-07-28T17:45:22.965108Z INFO  utilrsw.logger Writing ..\2024-May-Storm-data\_processed\10186\GIC_histogram_meas_calc.png
2025-07-28T17:45:23.593131Z INFO  utilrsw.logger Writing ..\2024-May-Storm-data\_processed\10186\GIC_histogram_meas_calc.pdf
2025-07-28T17:45:24.121718Z INFO  utilrsw.logger Writing ..\2024-May-Storm-data\_processed\10187\GIC_compare_timeseries.png
2025-07-28T17:45:24.909400Z INFO  utilrsw.logger Writing ..\2024-May-Storm-data\_processed\10187\GIC_compare_timeseries.pdf
2025-07-28T17:45:25.545855Z INFO  utilrsw.logger Writing ..\2024-May-Storm-data\_processed\10187\GIC_compare_timeseries_GMU.png
2025-07-28T17:45:26.409220Z INFO  utilrsw.logger Writing ..\2024-May-Storm-data\_processed\10187\GIC_compare_timeseries_GMU.pdf
2025-07-28T17:45:26.847701Z INFO  utilrsw.logger Writing ..\2024-May-Storm-data\_processed\10187\GIC_compare_correlation.png
2025-07-28T17:45:27.557412Z INFO  utilrsw.logger Writing ..\2024-May-Storm-data\_processed\10187\GIC_compare_correlation.pdf
2025-07-28T17:45:27.870580Z INFO  utilrsw.logger Writing ..\2024-May-Storm-data\_processed\10187\GIC_compare_correlation_GMU.png
2025-07-28T17:45:28.551119Z INFO  utilrsw.logger Writing ..\2024-May-Storm-data\_processed\10187\GIC_compare_correlation_GMU.pdf
2025-07-28T17:45:28.901877Z INFO  utilrsw.logger Writing ..\2024-May-Storm-data\_processed\10187\GIC_histogram_meas_calc.png
2025-07-28T17:45:29.520085Z INFO  utilrsw.logger Writing ..\2024-May-Storm-data\_processed\10187\GIC_histogram_meas_calc.pdf
2025-07-28T17:45:30.012465Z INFO  utilrsw.logger Writing ..\2024-May-Storm-data\_processed\10195\GIC_compare_timeseries.png
2025-07-28T17:45:30.833040Z INFO  utilrsw.logger Writing ..\2024-May-Storm-data\_processed\10195\GIC_compare_timeseries.pdf
2025-07-28T17:45:31.415153Z INFO  utilrsw.logger Writing ..\2024-May-Storm-data\_processed\10195\GIC_compare_timeseries_GMU.png
2025-07-28T17:45:32.208136Z INFO  utilrsw.logger Writing ..\2024-May-Storm-data\_processed\10195\GIC_compare_timeseries_GMU.pdf
2025-07-28T17:45:32.707506Z INFO  utilrsw.logger Writing ..\2024-May-Storm-data\_processed\10195\GIC_compare_correlation.png
2025-07-28T17:45:33.450687Z INFO  utilrsw.logger Writing ..\2024-May-Storm-data\_processed\10195\GIC_compare_correlation.pdf
2025-07-28T17:45:33.851088Z INFO  utilrsw.logger Writing ..\2024-May-Storm-data\_processed\10195\GIC_compare_correlation_GMU.png
2025-07-28T17:45:34.551814Z INFO  utilrsw.logger Writing ..\2024-May-Storm-data\_processed\10195\GIC_compare_correlation_GMU.pdf
2025-07-28T17:45:34.913255Z INFO  utilrsw.logger Writing ..\2024-May-Storm-data\_processed\10195\GIC_histogram_meas_calc.png
2025-07-28T17:45:35.553539Z INFO  utilrsw.logger Writing ..\2024-May-Storm-data\_processed\10195\GIC_histogram_meas_calc.pdf
2025-07-28T17:45:36.090767Z INFO  utilrsw.logger Writing ..\2024-May-Storm-data\_processed\10197\GIC_compare_timeseries.png
2025-07-28T17:45:36.931609Z INFO  utilrsw.logger Writing ..\2024-May-Storm-data\_processed\10197\GIC_compare_timeseries.pdf
2025-07-28T17:45:37.838111Z INFO  utilrsw.logger Writing ..\2024-May-Storm-data\_processed\10197\GIC_compare_timeseries_GMU.png
2025-07-28T17:45:38.838903Z INFO  utilrsw.logger Writing ..\2024-May-Storm-data\_processed\10197\GIC_compare_timeseries_GMU.pdf
2025-07-28T17:45:39.318872Z INFO  utilrsw.logger Writing ..\2024-May-Storm-data\_processed\10197\GIC_compare_correlation.png
2025-07-28T17:45:40.013625Z INFO  utilrsw.logger Writing ..\2024-May-Storm-data\_processed\10197\GIC_compare_correlation.pdf
2025-07-28T17:45:40.400121Z INFO  utilrsw.logger Writing ..\2024-May-Storm-data\_processed\10197\GIC_compare_correlation_GMU.png
2025-07-28T17:45:41.062340Z INFO  utilrsw.logger Writing ..\2024-May-Storm-data\_processed\10197\GIC_compare_correlation_GMU.pdf
2025-07-28T17:45:41.440207Z INFO  utilrsw.logger Writing ..\2024-May-Storm-data\_processed\10197\GIC_histogram_meas_calc.png
2025-07-28T17:45:42.046918Z INFO  utilrsw.logger Writing ..\2024-May-Storm-data\_processed\10197\GIC_histogram_meas_calc.pdf
2025-07-28T17:45:42.586558Z INFO  utilrsw.logger Writing ..\2024-May-Storm-data\_processed\10203\GIC_compare_timeseries.png
2025-07-28T17:45:43.429858Z INFO  utilrsw.logger Writing ..\2024-May-Storm-data\_processed\10203\GIC_compare_timeseries.pdf
2025-07-28T17:45:44.073438Z INFO  utilrsw.logger Writing ..\2024-May-Storm-data\_processed\10203\GIC_compare_timeseries_GMU.png
2025-07-28T17:45:44.767170Z INFO  utilrsw.logger Writing ..\2024-May-Storm-data\_processed\10203\GIC_compare_timeseries_GMU.pdf
2025-07-28T17:45:45.217678Z INFO  utilrsw.logger Writing ..\2024-May-Storm-data\_processed\10203\GIC_compare_correlation.png
2025-07-28T17:45:45.950833Z INFO  utilrsw.logger Writing ..\2024-May-Storm-data\_processed\10203\GIC_compare_correlation.pdf
2025-07-28T17:45:46.403650Z INFO  utilrsw.logger Writing ..\2024-May-Storm-data\_processed\10203\GIC_compare_correlation_GMU.png
2025-07-28T17:45:47.120624Z INFO  utilrsw.logger Writing ..\2024-May-Storm-data\_processed\10203\GIC_compare_correlation_GMU.pdf
2025-07-28T17:45:47.548956Z INFO  utilrsw.logger Writing ..\2024-May-Storm-data\_processed\10203\GIC_histogram_meas_calc.png
2025-07-28T17:45:48.149128Z INFO  utilrsw.logger Writing ..\2024-May-Storm-data\_processed\10203\GIC_histogram_meas_calc.pdf
2025-07-28T17:45:48.718204Z INFO  utilrsw.logger Writing ..\2024-May-Storm-data\_processed\10204\GIC_compare_timeseries.png
2025-07-28T17:45:49.519356Z INFO  utilrsw.logger Writing ..\2024-May-Storm-data\_processed\10204\GIC_compare_timeseries.pdf
2025-07-28T17:45:50.106651Z INFO  utilrsw.logger Writing ..\2024-May-Storm-data\_processed\10204\GIC_compare_timeseries_GMU.png
2025-07-28T17:45:50.890687Z INFO  utilrsw.logger Writing ..\2024-May-Storm-data\_processed\10204\GIC_compare_timeseries_GMU.pdf
2025-07-28T17:45:51.218977Z INFO  utilrsw.logger Writing ..\2024-May-Storm-data\_processed\10204\GIC_compare_correlation.png
2025-07-28T17:45:51.889370Z INFO  utilrsw.logger Writing ..\2024-May-Storm-data\_processed\10204\GIC_compare_correlation.pdf
2025-07-28T17:45:52.264701Z INFO  utilrsw.logger Writing ..\2024-May-Storm-data\_processed\10204\GIC_compare_correlation_GMU.png
2025-07-28T17:45:52.942464Z INFO  utilrsw.logger Writing ..\2024-May-Storm-data\_processed\10204\GIC_compare_correlation_GMU.pdf
2025-07-28T17:45:53.296039Z INFO  utilrsw.logger Writing ..\2024-May-Storm-data\_processed\10204\GIC_histogram_meas_calc.png
2025-07-28T17:45:53.946389Z INFO  utilrsw.logger Writing ..\2024-May-Storm-data\_processed\10204\GIC_histogram_meas_calc.pdf
2025-07-28T17:45:54.744359Z INFO  utilrsw.logger Writing ..\2024-May-Storm-data\_processed\10208\GIC_compare_timeseries.png
2025-07-28T17:45:55.593002Z INFO  utilrsw.logger Writing ..\2024-May-Storm-data\_processed\10208\GIC_compare_timeseries.pdf
2025-07-28T17:45:56.166549Z INFO  utilrsw.logger Writing ..\2024-May-Storm-data\_processed\10208\GIC_compare_timeseries_GMU.png
2025-07-28T17:45:57.032598Z INFO  utilrsw.logger Writing ..\2024-May-Storm-data\_processed\10208\GIC_compare_timeseries_GMU.pdf
2025-07-28T17:45:57.517946Z INFO  utilrsw.logger Writing ..\2024-May-Storm-data\_processed\10208\GIC_compare_correlation.png
2025-07-28T17:45:58.241968Z INFO  utilrsw.logger Writing ..\2024-May-Storm-data\_processed\10208\GIC_compare_correlation.pdf
2025-07-28T17:45:58.705738Z INFO  utilrsw.logger Writing ..\2024-May-Storm-data\_processed\10208\GIC_compare_correlation_GMU.png
2025-07-28T17:45:59.420675Z INFO  utilrsw.logger Writing ..\2024-May-Storm-data\_processed\10208\GIC_compare_correlation_GMU.pdf
2025-07-28T17:45:59.792798Z INFO  utilrsw.logger Writing ..\2024-May-Storm-data\_processed\10208\GIC_histogram_meas_calc.png
2025-07-28T17:46:00.473627Z INFO  utilrsw.logger Writing ..\2024-May-Storm-data\_processed\10208\GIC_histogram_meas_calc.pdf
2025-07-28T17:46:00.995356Z INFO  utilrsw.logger Writing ..\2024-May-Storm-data\_processed\10212\GIC_compare_timeseries.png
2025-07-28T17:46:01.862776Z INFO  utilrsw.logger Writing ..\2024-May-Storm-data\_processed\10212\GIC_compare_timeseries.pdf
2025-07-28T17:46:02.576221Z INFO  utilrsw.logger Writing ..\2024-May-Storm-data\_processed\10212\GIC_compare_timeseries_GMU.png
2025-07-28T17:46:03.219963Z INFO  utilrsw.logger Writing ..\2024-May-Storm-data\_processed\10212\GIC_compare_timeseries_GMU.pdf
2025-07-28T17:46:03.492095Z INFO  utilrsw.logger Writing ..\2024-May-Storm-data\_processed\10212\GIC_compare_correlation.png
2025-07-28T17:46:03.951130Z INFO  utilrsw.logger Writing ..\2024-May-Storm-data\_processed\10212\GIC_compare_correlation.pdf
2025-07-28T17:46:04.192525Z INFO  utilrsw.logger Writing ..\2024-May-Storm-data\_processed\10212\GIC_compare_correlation_GMU.png
2025-07-28T17:46:04.628810Z INFO  utilrsw.logger Writing ..\2024-May-Storm-data\_processed\10212\GIC_compare_correlation_GMU.pdf
2025-07-28T17:46:04.971611Z INFO  utilrsw.logger Writing ..\2024-May-Storm-data\_processed\10212\GIC_histogram_meas_calc.png
2025-07-28T17:46:05.574371Z INFO  utilrsw.logger Writing ..\2024-May-Storm-data\_processed\10212\GIC_histogram_meas_calc.pdf
2025-07-28T17:46:06.163456Z INFO  utilrsw.logger Writing ..\2024-May-Storm-data\_processed\10220\GIC_compare_timeseries.png
2025-07-28T17:46:07.012882Z INFO  utilrsw.logger Writing ..\2024-May-Storm-data\_processed\10220\GIC_compare_timeseries.pdf
2025-07-28T17:46:07.639535Z INFO  utilrsw.logger Writing ..\2024-May-Storm-data\_processed\10220\GIC_compare_timeseries_GMU.png
2025-07-28T17:46:08.459504Z INFO  utilrsw.logger Writing ..\2024-May-Storm-data\_processed\10220\GIC_compare_timeseries_GMU.pdf
2025-07-28T17:46:08.907103Z INFO  utilrsw.logger Writing ..\2024-May-Storm-data\_processed\10220\GIC_compare_correlation.png
2025-07-28T17:46:09.901490Z INFO  utilrsw.logger Writing ..\2024-May-Storm-data\_processed\10220\GIC_compare_correlation.pdf
2025-07-28T17:46:10.377827Z INFO  utilrsw.logger Writing ..\2024-May-Storm-data\_processed\10220\GIC_compare_correlation_GMU.png
2025-07-28T17:46:11.086804Z INFO  utilrsw.logger Writing ..\2024-May-Storm-data\_processed\10220\GIC_compare_correlation_GMU.pdf
2025-07-28T17:46:11.480649Z INFO  utilrsw.logger Writing ..\2024-May-Storm-data\_processed\10220\GIC_histogram_meas_calc.png
2025-07-28T17:46:12.025881Z INFO  utilrsw.logger Writing ..\2024-May-Storm-data\_processed\10220\GIC_histogram_meas_calc.pdf
2025-07-28T17:46:13.404033Z INFO  utilrsw.logger Writing ..\2024-May-Storm-data\_processed\10250\GIC_compare_timeseries.png
2025-07-28T17:46:14.155670Z INFO  utilrsw.logger Writing ..\2024-May-Storm-data\_processed\10250\GIC_compare_timeseries.pdf
2025-07-28T17:46:14.752707Z INFO  utilrsw.logger Writing ..\2024-May-Storm-data\_processed\10250\GIC_compare_timeseries_GMU.png
2025-07-28T17:46:15.663406Z INFO  utilrsw.logger Writing ..\2024-May-Storm-data\_processed\10250\GIC_compare_timeseries_GMU.pdf
2025-07-28T17:46:16.150486Z INFO  utilrsw.logger Writing ..\2024-May-Storm-data\_processed\10250\GIC_compare_correlation.png
2025-07-28T17:46:16.938021Z INFO  utilrsw.logger Writing ..\2024-May-Storm-data\_processed\10250\GIC_compare_correlation.pdf
2025-07-28T18:01:02.589897Z INFO  utilrsw.logger Writing ..\2024-May-Storm-data\_processed\10250\GIC_compare_correlation_GMU.png
2025-07-28T18:01:03.103303Z INFO  utilrsw.logger Writing ..\2024-May-Storm-data\_processed\10250\GIC_compare_correlation_GMU.pdf
2025-07-28T18:01:03.372916Z INFO  utilrsw.logger Writing ..\2024-May-Storm-data\_processed\10250\GIC_histogram_meas_calc.png
2025-07-28T18:01:03.646122Z INFO  utilrsw.logger Writing ..\2024-May-Storm-data\_processed\10250\GIC_histogram_meas_calc.pdf
2025-07-28T18:01:04.195994Z INFO  utilrsw.logger Writing ..\2024-May-Storm-data\_processed\50100\B_compare_timeseries.png
2025-07-28T18:01:04.592286Z INFO  utilrsw.logger Writing ..\2024-May-Storm-data\_processed\50100\B_compare_timeseries.pdf
2025-07-28T18:01:05.060807Z INFO  utilrsw.logger Writing ..\2024-May-Storm-data\_processed\50100\B_compare_correlation.png
2025-07-28T18:01:05.415463Z INFO  utilrsw.logger Writing ..\2024-May-Storm-data\_processed\50100\B_compare_correlation.pdf
2025-07-28T18:01:05.625031Z INFO  utilrsw.logger Writing ..\2024-May-Storm-data\_processed\50100\B_histogram_meas_calc.png
2025-07-28T18:01:05.903442Z INFO  utilrsw.logger Writing ..\2024-May-Storm-data\_processed\50100\B_histogram_meas_calc.pdf
2025-07-28T18:01:06.112635Z INFO  utilrsw.logger Writing ..\2024-May-Storm-data\_processed\50127\B_compare_timeseries.png
2025-07-28T18:01:06.569332Z INFO  utilrsw.logger Writing ..\2024-May-Storm-data\_processed\50127\B_compare_timeseries.pdf
2025-07-28T18:01:07.041522Z INFO  utilrsw.logger Writing ..\2024-May-Storm-data\_processed\50127\B_compare_correlation.png
2025-07-28T18:01:08.408735Z INFO  utilrsw.logger Writing ..\2024-May-Storm-data\_processed\50127\B_compare_correlation.pdf
2025-07-28T18:01:09.347411Z INFO  utilrsw.logger Writing ..\2024-May-Storm-data\_processed\50127\B_histogram_meas_calc.png
2025-07-28T18:01:10.511337Z INFO  utilrsw.logger Writing ..\2024-May-Storm-data\_processed\50127\B_histogram_meas_calc.pdf
2025-07-28T18:01:11.452151Z INFO  utilrsw.logger Writing ..\2024-May-Storm-data\_processed\50112\B_compare_timeseries.png
2025-07-28T18:01:12.729069Z INFO  utilrsw.logger Writing ..\2024-May-Storm-data\_processed\50112\B_compare_timeseries.pdf
2025-07-28T18:01:13.793413Z INFO  utilrsw.logger Writing ..\2024-May-Storm-data\_processed\50112\B_compare_correlation.png
2025-07-28T18:01:14.733218Z INFO  utilrsw.logger Writing ..\2024-May-Storm-data\_processed\50112\B_compare_correlation.pdf
2025-07-28T18:01:15.453604Z INFO  utilrsw.logger Writing ..\2024-May-Storm-data\_processed\50112\B_histogram_meas_calc.png
2025-07-28T18:01:16.254789Z INFO  utilrsw.logger Writing ..\2024-May-Storm-data\_processed\50112\B_histogram_meas_calc.pdf
2025-07-28T18:01:17.037859Z INFO  utilrsw.logger Writing ..\2024-May-Storm-data\_processed\50131\B_compare_timeseries.png
2025-07-28T18:01:18.078184Z INFO  utilrsw.logger Writing ..\2024-May-Storm-data\_processed\50131\B_compare_timeseries.pdf
2025-07-28T18:01:18.780065Z INFO  utilrsw.logger Writing ..\2024-May-Storm-data\_processed\50131\B_compare_correlation.png
2025-07-28T18:01:19.767425Z INFO  utilrsw.logger Writing ..\2024-May-Storm-data\_processed\50131\B_compare_correlation.pdf
2025-07-28T18:01:20.656034Z INFO  utilrsw.logger Writing ..\2024-May-Storm-data\_processed\50131\B_histogram_meas_calc.png
2025-07-28T18:01:21.420588Z INFO  utilrsw.logger Writing ..\2024-May-Storm-data\_processed\50131\B_histogram_meas_calc.pdf
2025-07-28T18:01:22.208304Z INFO  utilrsw.logger Writing ..\2024-May-Storm-data\_processed\50132\B_compare_timeseries.png
2025-07-28T18:01:23.292068Z INFO  utilrsw.logger Writing ..\2024-May-Storm-data\_processed\50132\B_compare_timeseries.pdf
2025-07-28T18:01:24.011935Z INFO  utilrsw.logger Writing ..\2024-May-Storm-data\_processed\50132\B_compare_correlation.png
2025-07-28T18:01:25.041040Z INFO  utilrsw.logger Writing ..\2024-May-Storm-data\_processed\50132\B_compare_correlation.pdf
2025-07-28T18:01:25.648784Z INFO  utilrsw.logger Writing ..\2024-May-Storm-data\_processed\50132\B_histogram_meas_calc.png
2025-07-28T18:01:26.430380Z INFO  utilrsw.logger Writing ..\2024-May-Storm-data\_processed\50132\B_histogram_meas_calc.pdf
2025-07-28T18:01:27.542884Z INFO  utilrsw.logger Writing ..\2024-May-Storm-data\_processed\50103\B_compare_timeseries.png
2025-07-28T18:01:28.723693Z INFO  utilrsw.logger Writing ..\2024-May-Storm-data\_processed\50103\B_compare_timeseries.pdf
2025-07-28T18:01:29.898917Z INFO  utilrsw.logger Writing ..\2024-May-Storm-data\_processed\50103\B_compare_correlation.png
2025-07-28T18:01:30.774959Z INFO  utilrsw.logger Writing ..\2024-May-Storm-data\_processed\50103\B_compare_correlation.pdf
2025-07-28T18:01:31.392577Z INFO  utilrsw.logger Writing ..\2024-May-Storm-data\_processed\50103\B_histogram_meas_calc.png
2025-07-28T18:01:32.178386Z INFO  utilrsw.logger Writing ..\2024-May-Storm-data\_processed\50103\B_histogram_meas_calc.pdf
2025-07-28T18:01:33.329187Z INFO  utilrsw.logger Writing ..\2024-May-Storm-data\_processed\50104\B_compare_timeseries.png
2025-07-28T18:01:34.495874Z INFO  utilrsw.logger Writing ..\2024-May-Storm-data\_processed\50104\B_compare_timeseries.pdf
2025-07-28T18:01:35.880772Z INFO  utilrsw.logger Writing ..\2024-May-Storm-data\_processed\50104\B_compare_correlation.png
2025-07-28T18:01:36.816971Z INFO  utilrsw.logger Writing ..\2024-May-Storm-data\_processed\50104\B_compare_correlation.pdf
2025-07-28T18:01:37.474442Z INFO  utilrsw.logger Writing ..\2024-May-Storm-data\_processed\50104\B_histogram_meas_calc.png
2025-07-28T18:01:38.255834Z INFO  utilrsw.logger Writing ..\2024-May-Storm-data\_processed\50104\B_histogram_meas_calc.pdf
2025-07-28T18:01:39.352430Z INFO  utilrsw.logger Writing ..\2024-May-Storm-data\_processed\50109\B_compare_timeseries.png
2025-07-28T18:01:40.555249Z INFO  utilrsw.logger Writing ..\2024-May-Storm-data\_processed\50109\B_compare_timeseries.pdf
2025-07-28T18:01:41.648283Z INFO  utilrsw.logger Writing ..\2024-May-Storm-data\_processed\50109\B_compare_correlation.png
2025-07-28T18:01:42.569053Z INFO  utilrsw.logger Writing ..\2024-May-Storm-data\_processed\50109\B_compare_correlation.pdf
2025-07-28T18:01:43.332797Z INFO  utilrsw.logger Writing ..\2024-May-Storm-data\_processed\50109\B_histogram_meas_calc.png
2025-07-28T18:01:44.081394Z INFO  utilrsw.logger Writing ..\2024-May-Storm-data\_processed\50109\B_histogram_meas_calc.pdf
2025-07-28T18:01:45.117019Z INFO  utilrsw.logger Writing ..\2024-May-Storm-data\_processed\50115\B_compare_timeseries.png
2025-07-28T18:01:46.317939Z INFO  utilrsw.logger Writing ..\2024-May-Storm-data\_processed\50115\B_compare_timeseries.pdf
2025-07-28T18:01:47.392142Z INFO  utilrsw.logger Writing ..\2024-May-Storm-data\_processed\50115\B_compare_correlation.png
2025-07-28T18:01:48.333233Z INFO  utilrsw.logger Writing ..\2024-May-Storm-data\_processed\50115\B_compare_correlation.pdf
2025-07-28T18:01:48.987021Z INFO  utilrsw.logger Writing ..\2024-May-Storm-data\_processed\50115\B_histogram_meas_calc.png
2025-07-28T18:01:49.779583Z INFO  utilrsw.logger Writing ..\2024-May-Storm-data\_processed\50115\B_histogram_meas_calc.pdf
2025-07-28T18:01:51.361291Z INFO  utilrsw.logger Writing ..\2024-May-Storm-data\_processed\50116\B_compare_timeseries.png
2025-07-28T18:01:52.465599Z INFO  utilrsw.logger Writing ..\2024-May-Storm-data\_processed\50116\B_compare_timeseries.pdf
2025-07-28T18:01:52.943654Z INFO  utilrsw.logger Writing ..\2024-May-Storm-paper\figures\_processed\50116\B_compare_timeseries.pdf
2025-07-28T18:01:54.300339Z INFO  utilrsw.logger Writing ..\2024-May-Storm-data\_processed\50116\B_compare_correlation.png
2025-07-28T18:01:55.551158Z INFO  utilrsw.logger Writing ..\2024-May-Storm-data\_processed\50116\B_compare_correlation.pdf
2025-07-28T18:01:56.179960Z INFO  utilrsw.logger Writing ..\2024-May-Storm-paper\figures\_processed\50116\B_compare_correlation.pdf
2025-07-28T18:01:56.960439Z INFO  utilrsw.logger Writing ..\2024-May-Storm-data\_processed\50116\B_histogram_meas_calc.png
2025-07-28T18:01:57.831366Z INFO  utilrsw.logger Writing ..\2024-May-Storm-data\_processed\50116\B_histogram_meas_calc.pdf
2025-07-28T18:01:59.218012Z INFO  utilrsw.logger Writing ..\2024-May-Storm-data\_processed\50117\B_compare_timeseries.png
2025-07-28T18:02:00.973481Z INFO  utilrsw.logger Writing ..\2024-May-Storm-data\_processed\50117\B_compare_timeseries.pdf
2025-07-28T18:02:02.636507Z INFO  utilrsw.logger Writing ..\2024-May-Storm-data\_processed\50117\B_compare_correlation.png
2025-07-28T18:02:04.132107Z INFO  utilrsw.logger Writing ..\2024-May-Storm-data\_processed\50117\B_compare_correlation.pdf
2025-07-28T18:02:05.367054Z INFO  utilrsw.logger Writing ..\2024-May-Storm-data\_processed\50117\B_histogram_meas_calc.png
2025-07-28T18:02:06.546643Z INFO  utilrsw.logger Writing ..\2024-May-Storm-data\_processed\50117\B_histogram_meas_calc.pdf
2025-07-28T18:02:08.195073Z INFO  utilrsw.logger Writing ..\2024-May-Storm-data\_processed\50118\B_compare_timeseries.png
2025-07-28T18:02:10.149709Z INFO  utilrsw.logger Writing ..\2024-May-Storm-data\_processed\50118\B_compare_timeseries.pdf
2025-07-28T18:02:11.956030Z INFO  utilrsw.logger Writing ..\2024-May-Storm-data\_processed\50118\B_compare_correlation.png
2025-07-28T18:02:13.868923Z INFO  utilrsw.logger Writing ..\2024-May-Storm-data\_processed\50118\B_compare_correlation.pdf
2025-07-28T18:02:14.976973Z INFO  utilrsw.logger Writing ..\2024-May-Storm-data\_processed\50118\B_histogram_meas_calc.png
2025-07-28T18:02:16.177625Z INFO  utilrsw.logger Writing ..\2024-May-Storm-data\_processed\50118\B_histogram_meas_calc.pdf
2025-07-28T18:02:17.837690Z INFO  utilrsw.logger Writing ..\2024-May-Storm-data\_processed\50119\B_compare_timeseries.png
2025-07-28T18:02:19.520751Z INFO  utilrsw.logger Writing ..\2024-May-Storm-data\_processed\50119\B_compare_timeseries.pdf
2025-07-28T18:02:21.230541Z INFO  utilrsw.logger Writing ..\2024-May-Storm-data\_processed\50119\B_compare_correlation.png
2025-07-28T18:02:22.784689Z INFO  utilrsw.logger Writing ..\2024-May-Storm-data\_processed\50119\B_compare_correlation.pdf
2025-07-28T18:02:23.846073Z INFO  utilrsw.logger Writing ..\2024-May-Storm-data\_processed\50119\B_histogram_meas_calc.png
2025-07-28T18:02:25.131742Z INFO  utilrsw.logger Writing ..\2024-May-Storm-data\_processed\50119\B_histogram_meas_calc.pdf
2025-07-28T18:02:26.815191Z INFO  utilrsw.logger Writing ..\2024-May-Storm-data\_processed\50120\B_compare_timeseries.png
2025-07-28T18:02:28.560273Z INFO  utilrsw.logger Writing ..\2024-May-Storm-data\_processed\50120\B_compare_timeseries.pdf
2025-07-28T18:02:30.270663Z INFO  utilrsw.logger Writing ..\2024-May-Storm-data\_processed\50120\B_compare_correlation.png
2025-07-28T18:02:31.903277Z INFO  utilrsw.logger Writing ..\2024-May-Storm-data\_processed\50120\B_compare_correlation.pdf
2025-07-28T18:02:33.031611Z INFO  utilrsw.logger Writing ..\2024-May-Storm-data\_processed\50120\B_histogram_meas_calc.png
2025-07-28T18:02:34.252415Z INFO  utilrsw.logger Writing ..\2024-May-Storm-data\_processed\50120\B_histogram_meas_calc.pdf
2025-07-28T18:02:36.000965Z INFO  utilrsw.logger Writing ..\2024-May-Storm-data\_processed\50122\B_compare_timeseries.png
2025-07-28T18:02:37.750438Z INFO  utilrsw.logger Writing ..\2024-May-Storm-data\_processed\50122\B_compare_timeseries.pdf
2025-07-28T18:02:39.839438Z INFO  utilrsw.logger Writing ..\2024-May-Storm-data\_processed\50122\B_compare_correlation.png
2025-07-28T18:02:41.510654Z INFO  utilrsw.logger Writing ..\2024-May-Storm-data\_processed\50122\B_compare_correlation.pdf
2025-07-28T18:02:42.996037Z INFO  utilrsw.logger Writing ..\2024-May-Storm-data\_processed\50122\B_histogram_meas_calc.png
2025-07-28T18:02:44.337618Z INFO  utilrsw.logger Writing ..\2024-May-Storm-data\_processed\50122\B_histogram_meas_calc.pdf
2025-07-28T18:02:46.473564Z INFO  utilrsw.logger Writing ..\2024-May-Storm-data\_processed\bullrun\B_compare_timeseries.png
2025-07-28T18:02:48.452701Z INFO  utilrsw.logger Writing ..\2024-May-Storm-data\_processed\bullrun\B_compare_timeseries.pdf
2025-07-28T18:02:49.143803Z INFO  utilrsw.logger Writing ..\2024-May-Storm-paper\figures\_processed\bullrun\B_compare_timeseries.pdf
2025-07-28T18:02:50.907009Z INFO  utilrsw.logger Writing ..\2024-May-Storm-data\_processed\bullrun\B_compare_correlation.png
2025-07-28T18:02:52.528177Z INFO  utilrsw.logger Writing ..\2024-May-Storm-data\_processed\bullrun\B_compare_correlation.pdf
2025-07-28T18:02:53.346473Z INFO  utilrsw.logger Writing ..\2024-May-Storm-paper\figures\_processed\bullrun\B_compare_correlation.pdf
2025-07-28T18:02:54.543840Z INFO  utilrsw.logger Writing ..\2024-May-Storm-data\_processed\bullrun\B_histogram_meas_calc.png
2025-07-28T18:02:55.768023Z INFO  utilrsw.logger Writing ..\2024-May-Storm-data\_processed\bullrun\B_histogram_meas_calc.pdf
2025-07-28T18:02:56.870618Z INFO  utilrsw.logger Writing ..\2024-May-Storm-data\_processed\bullrun\GIC_compare_timeseries.png
2025-07-28T18:02:58.491376Z INFO  utilrsw.logger Writing ..\2024-May-Storm-data\_processed\bullrun\GIC_compare_timeseries.pdf
2025-07-28T18:02:59.011254Z INFO  utilrsw.logger Writing ..\2024-May-Storm-paper\figures\_processed\bullrun\GIC_compare_timeseries.pdf
2025-07-28T18:03:00.411723Z INFO  utilrsw.logger Writing ..\2024-May-Storm-data\_processed\bullrun\GIC_compare_timeseries_TVA.png
2025-07-28T18:03:01.778624Z INFO  utilrsw.logger Writing ..\2024-May-Storm-data\_processed\bullrun\GIC_compare_timeseries_TVA.pdf
2025-07-28T18:03:03.065834Z INFO  utilrsw.logger Writing ..\2024-May-Storm-data\_processed\bullrun\GIC_compare_timeseries_GMU.png
2025-07-28T18:03:04.391073Z INFO  utilrsw.logger Writing ..\2024-May-Storm-data\_processed\bullrun\GIC_compare_timeseries_GMU.pdf
2025-07-28T18:03:05.589953Z INFO  utilrsw.logger Writing ..\2024-May-Storm-data\_processed\bullrun\GIC_compare_correlation.png
2025-07-28T18:03:06.911083Z INFO  utilrsw.logger Writing ..\2024-May-Storm-data\_processed\bullrun\GIC_compare_correlation.pdf
2025-07-28T18:03:07.543196Z INFO  utilrsw.logger Writing ..\2024-May-Storm-paper\figures\_processed\bullrun\GIC_compare_correlation.pdf
2025-07-28T18:03:08.376386Z INFO  utilrsw.logger Writing ..\2024-May-Storm-data\_processed\bullrun\GIC_compare_correlation_TVA.png
2025-07-28T18:03:09.478239Z INFO  utilrsw.logger Writing ..\2024-May-Storm-data\_processed\bullrun\GIC_compare_correlation_TVA.pdf
2025-07-28T18:03:10.181741Z INFO  utilrsw.logger Writing ..\2024-May-Storm-data\_processed\bullrun\GIC_compare_correlation_GMU.png
2025-07-28T18:03:11.404764Z INFO  utilrsw.logger Writing ..\2024-May-Storm-data\_processed\bullrun\GIC_compare_correlation_GMU.pdf
2025-07-28T18:03:12.235394Z INFO  utilrsw.logger Writing ..\2024-May-Storm-data\_processed\bullrun\GIC_histogram_meas_calc.png
2025-07-28T18:03:13.276290Z INFO  utilrsw.logger Writing ..\2024-May-Storm-data\_processed\bullrun\GIC_histogram_meas_calc.pdf
2025-07-28T18:03:14.311233Z INFO  utilrsw.logger Writing ..\2024-May-Storm-data\_processed\gleason\GIC_compare_timeseries.png
2025-07-28T18:03:15.771367Z INFO  utilrsw.logger Writing ..\2024-May-Storm-data\_processed\gleason\GIC_compare_timeseries.pdf
2025-07-28T18:03:17.054928Z INFO  utilrsw.logger Writing ..\2024-May-Storm-data\_processed\gleason\GIC_compare_timeseries_GMU.png
2025-07-28T18:03:18.574789Z INFO  utilrsw.logger Writing ..\2024-May-Storm-data\_processed\gleason\GIC_compare_timeseries_GMU.pdf
2025-07-28T18:03:19.385780Z INFO  utilrsw.logger Writing ..\2024-May-Storm-data\_processed\gleason\GIC_compare_correlation.png
2025-07-28T18:03:20.637301Z INFO  utilrsw.logger Writing ..\2024-May-Storm-data\_processed\gleason\GIC_compare_correlation.pdf
2025-07-28T18:03:21.313862Z INFO  utilrsw.logger Writing ..\2024-May-Storm-data\_processed\gleason\GIC_compare_correlation_GMU.png
2025-07-28T18:03:22.552597Z INFO  utilrsw.logger Writing ..\2024-May-Storm-data\_processed\gleason\GIC_compare_correlation_GMU.pdf
2025-07-28T18:03:23.335218Z INFO  utilrsw.logger Writing ..\2024-May-Storm-data\_processed\gleason\GIC_histogram_meas_calc.png
2025-07-28T18:03:24.640277Z INFO  utilrsw.logger Writing ..\2024-May-Storm-data\_processed\gleason\GIC_histogram_meas_calc.pdf
2025-07-28T18:03:25.594094Z INFO  utilrsw.logger Writing ..\2024-May-Storm-data\_processed\johnsonville\GIC_compare_timeseries.png
2025-07-28T18:03:27.020959Z INFO  utilrsw.logger Writing ..\2024-May-Storm-data\_processed\johnsonville\GIC_compare_timeseries.pdf
2025-07-28T18:03:28.149436Z INFO  utilrsw.logger Writing ..\2024-May-Storm-data\_processed\johnsonville\GIC_compare_timeseries_GMU.png
2025-07-28T18:03:29.829005Z INFO  utilrsw.logger Writing ..\2024-May-Storm-data\_processed\johnsonville\GIC_compare_timeseries_GMU.pdf
2025-07-28T18:03:30.639953Z INFO  utilrsw.logger Writing ..\2024-May-Storm-data\_processed\johnsonville\GIC_compare_correlation.png
2025-07-28T18:03:31.821440Z INFO  utilrsw.logger Writing ..\2024-May-Storm-data\_processed\johnsonville\GIC_compare_correlation.pdf
2025-07-28T18:03:32.518258Z INFO  utilrsw.logger Writing ..\2024-May-Storm-data\_processed\johnsonville\GIC_compare_correlation_GMU.png
2025-07-28T18:03:33.766737Z INFO  utilrsw.logger Writing ..\2024-May-Storm-data\_processed\johnsonville\GIC_compare_correlation_GMU.pdf
2025-07-28T18:03:35.032063Z INFO  utilrsw.logger Writing ..\2024-May-Storm-data\_processed\johnsonville\GIC_histogram_meas_calc.png
2025-07-28T18:03:36.198790Z INFO  utilrsw.logger Writing ..\2024-May-Storm-data\_processed\johnsonville\GIC_histogram_meas_calc.pdf
2025-07-28T18:03:37.231734Z INFO  utilrsw.logger Writing ..\2024-May-Storm-data\_processed\montgomery\GIC_compare_timeseries.png
2025-07-28T18:03:38.663579Z INFO  utilrsw.logger Writing ..\2024-May-Storm-data\_processed\montgomery\GIC_compare_timeseries.pdf
2025-07-28T18:03:39.086153Z INFO  utilrsw.logger Writing ..\2024-May-Storm-paper\figures\_processed\montgomery\GIC_compare_timeseries.pdf
2025-07-28T18:03:39.948295Z INFO  utilrsw.logger Writing ..\2024-May-Storm-data\_processed\montgomery\GIC_compare_timeseries_TVA.png
2025-07-28T18:03:40.937778Z INFO  utilrsw.logger Writing ..\2024-May-Storm-data\_processed\montgomery\GIC_compare_timeseries_TVA.pdf
2025-07-28T18:03:41.766382Z INFO  utilrsw.logger Writing ..\2024-May-Storm-data\_processed\montgomery\GIC_compare_timeseries_GMU.png
2025-07-28T18:03:42.884299Z INFO  utilrsw.logger Writing ..\2024-May-Storm-data\_processed\montgomery\GIC_compare_timeseries_GMU.pdf
2025-07-28T18:03:43.405249Z INFO  utilrsw.logger Writing ..\2024-May-Storm-data\_processed\montgomery\GIC_compare_correlation.png
2025-07-28T18:03:44.246220Z INFO  utilrsw.logger Writing ..\2024-May-Storm-data\_processed\montgomery\GIC_compare_correlation.pdf
2025-07-28T18:03:44.573363Z INFO  utilrsw.logger Writing ..\2024-May-Storm-paper\figures\_processed\montgomery\GIC_compare_correlation.pdf
2025-07-28T18:03:45.256274Z INFO  utilrsw.logger Writing ..\2024-May-Storm-data\_processed\montgomery\GIC_compare_correlation_TVA.png
2025-07-28T18:03:46.021184Z INFO  utilrsw.logger Writing ..\2024-May-Storm-data\_processed\montgomery\GIC_compare_correlation_TVA.pdf
2025-07-28T18:03:46.408859Z INFO  utilrsw.logger Writing ..\2024-May-Storm-data\_processed\montgomery\GIC_compare_correlation_GMU.png
2025-07-28T18:03:47.226939Z INFO  utilrsw.logger Writing ..\2024-May-Storm-data\_processed\montgomery\GIC_compare_correlation_GMU.pdf
2025-07-28T18:03:47.679029Z INFO  utilrsw.logger Writing ..\2024-May-Storm-data\_processed\montgomery\GIC_histogram_meas_calc.png
2025-07-28T18:03:48.371401Z INFO  utilrsw.logger Writing ..\2024-May-Storm-data\_processed\montgomery\GIC_histogram_meas_calc.pdf
2025-07-28T18:03:48.978025Z INFO  utilrsw.logger Writing ..\2024-May-Storm-data\_processed\paradise3\GIC_compare_timeseries.png
2025-07-28T18:03:49.817863Z INFO  utilrsw.logger Writing ..\2024-May-Storm-data\_processed\paradise3\GIC_compare_timeseries.pdf
2025-07-28T18:03:50.538346Z INFO  utilrsw.logger Writing ..\2024-May-Storm-data\_processed\paradise3\GIC_compare_timeseries_GMU.png
2025-07-28T18:03:51.598616Z INFO  utilrsw.logger Writing ..\2024-May-Storm-data\_processed\paradise3\GIC_compare_timeseries_GMU.pdf
2025-07-28T18:03:52.120074Z INFO  utilrsw.logger Writing ..\2024-May-Storm-data\_processed\paradise3\GIC_compare_correlation.png
2025-07-28T18:03:52.856316Z INFO  utilrsw.logger Writing ..\2024-May-Storm-data\_processed\paradise3\GIC_compare_correlation.pdf
2025-07-28T18:03:53.361426Z INFO  utilrsw.logger Writing ..\2024-May-Storm-data\_processed\paradise3\GIC_compare_correlation_GMU.png
2025-07-28T18:03:54.091417Z INFO  utilrsw.logger Writing ..\2024-May-Storm-data\_processed\paradise3\GIC_compare_correlation_GMU.pdf
2025-07-28T18:03:54.803911Z INFO  utilrsw.logger Writing ..\2024-May-Storm-data\_processed\paradise3\GIC_histogram_meas_calc.png
2025-07-28T18:03:55.585667Z INFO  utilrsw.logger Writing ..\2024-May-Storm-data\_processed\paradise3\GIC_histogram_meas_calc.pdf
2025-07-28T18:03:56.387851Z INFO  utilrsw.logger Writing ..\2024-May-Storm-data\_processed\pinhook\GIC_compare_timeseries.png
2025-07-28T18:03:57.378269Z INFO  utilrsw.logger Writing ..\2024-May-Storm-data\_processed\pinhook\GIC_compare_timeseries.pdf
2025-07-28T18:03:58.351796Z INFO  utilrsw.logger Writing ..\2024-May-Storm-data\_processed\pinhook\GIC_compare_timeseries_GMU.png
2025-07-28T18:03:59.570668Z INFO  utilrsw.logger Writing ..\2024-May-Storm-data\_processed\pinhook\GIC_compare_timeseries_GMU.pdf
2025-07-28T18:04:00.335798Z INFO  utilrsw.logger Writing ..\2024-May-Storm-data\_processed\pinhook\GIC_compare_correlation.png
2025-07-28T18:04:01.271753Z INFO  utilrsw.logger Writing ..\2024-May-Storm-data\_processed\pinhook\GIC_compare_correlation.pdf
2025-07-28T18:04:02.047710Z INFO  utilrsw.logger Writing ..\2024-May-Storm-data\_processed\pinhook\GIC_compare_correlation_GMU.png
2025-07-28T18:04:02.828994Z INFO  utilrsw.logger Writing ..\2024-May-Storm-data\_processed\pinhook\GIC_compare_correlation_GMU.pdf
2025-07-28T18:04:03.254419Z INFO  utilrsw.logger Writing ..\2024-May-Storm-data\_processed\pinhook\GIC_histogram_meas_calc.png
2025-07-28T18:04:04.014027Z INFO  utilrsw.logger Writing ..\2024-May-Storm-data\_processed\pinhook\GIC_histogram_meas_calc.pdf
2025-07-28T18:04:04.776968Z INFO  utilrsw.logger Writing ..\2024-May-Storm-data\_processed\raccoonmountain\GIC_compare_timeseries.png
2025-07-28T18:04:05.685367Z INFO  utilrsw.logger Writing ..\2024-May-Storm-data\_processed\raccoonmountain\GIC_compare_timeseries.pdf
2025-07-28T18:04:06.487873Z INFO  utilrsw.logger Writing ..\2024-May-Storm-data\_processed\raccoonmountain\GIC_compare_timeseries_GMU.png
2025-07-28T18:04:07.459051Z INFO  utilrsw.logger Writing ..\2024-May-Storm-data\_processed\raccoonmountain\GIC_compare_timeseries_GMU.pdf
2025-07-28T18:04:08.057425Z INFO  utilrsw.logger Writing ..\2024-May-Storm-data\_processed\raccoonmountain\GIC_compare_correlation.png
2025-07-28T18:04:08.863091Z INFO  utilrsw.logger Writing ..\2024-May-Storm-data\_processed\raccoonmountain\GIC_compare_correlation.pdf
2025-07-28T18:04:09.349610Z INFO  utilrsw.logger Writing ..\2024-May-Storm-data\_processed\raccoonmountain\GIC_compare_correlation_GMU.png
2025-07-28T18:04:10.154719Z INFO  utilrsw.logger Writing ..\2024-May-Storm-data\_processed\raccoonmountain\GIC_compare_correlation_GMU.pdf
2025-07-28T18:04:10.624094Z INFO  utilrsw.logger Writing ..\2024-May-Storm-data\_processed\raccoonmountain\GIC_histogram_meas_calc.png
2025-07-28T18:04:11.373715Z INFO  utilrsw.logger Writing ..\2024-May-Storm-data\_processed\raccoonmountain\GIC_histogram_meas_calc.pdf
2025-07-28T18:04:12.206849Z INFO  utilrsw.logger Writing ..\2024-May-Storm-data\_processed\rutherford\GIC_compare_timeseries.png
2025-07-28T18:04:13.067705Z INFO  utilrsw.logger Writing ..\2024-May-Storm-data\_processed\rutherford\GIC_compare_timeseries.pdf
2025-07-28T18:04:13.725358Z INFO  utilrsw.logger Writing ..\2024-May-Storm-data\_processed\rutherford\GIC_compare_timeseries_GMU.png
2025-07-28T18:04:14.642331Z INFO  utilrsw.logger Writing ..\2024-May-Storm-data\_processed\rutherford\GIC_compare_timeseries_GMU.pdf
2025-07-28T18:04:15.538133Z INFO  utilrsw.logger Writing ..\2024-May-Storm-data\_processed\rutherford\GIC_compare_correlation.png
2025-07-28T18:04:16.269270Z INFO  utilrsw.logger Writing ..\2024-May-Storm-data\_processed\rutherford\GIC_compare_correlation.pdf
2025-07-28T18:04:16.757531Z INFO  utilrsw.logger Writing ..\2024-May-Storm-data\_processed\rutherford\GIC_compare_correlation_GMU.png
2025-07-28T18:04:17.505225Z INFO  utilrsw.logger Writing ..\2024-May-Storm-data\_processed\rutherford\GIC_compare_correlation_GMU.pdf
2025-07-28T18:04:17.908596Z INFO  utilrsw.logger Writing ..\2024-May-Storm-data\_processed\rutherford\GIC_histogram_meas_calc.png
2025-07-28T18:04:18.614111Z INFO  utilrsw.logger Writing ..\2024-May-Storm-data\_processed\rutherford\GIC_histogram_meas_calc.pdf
2025-07-28T18:04:19.197742Z INFO  utilrsw.logger Writing ..\2024-May-Storm-data\_processed\shelby\GIC_compare_timeseries.png
2025-07-28T18:04:20.055436Z INFO  utilrsw.logger Writing ..\2024-May-Storm-data\_processed\shelby\GIC_compare_timeseries.pdf
2025-07-28T18:04:20.716070Z INFO  utilrsw.logger Writing ..\2024-May-Storm-data\_processed\shelby\GIC_compare_timeseries_GMU.png
2025-07-28T18:04:21.596799Z INFO  utilrsw.logger Writing ..\2024-May-Storm-data\_processed\shelby\GIC_compare_timeseries_GMU.pdf
2025-07-28T18:04:22.155939Z INFO  utilrsw.logger Writing ..\2024-May-Storm-data\_processed\shelby\GIC_compare_correlation.png
2025-07-28T18:04:22.953641Z INFO  utilrsw.logger Writing ..\2024-May-Storm-data\_processed\shelby\GIC_compare_correlation.pdf
2025-07-28T18:04:23.406244Z INFO  utilrsw.logger Writing ..\2024-May-Storm-data\_processed\shelby\GIC_compare_correlation_GMU.png
2025-07-28T18:04:24.110991Z INFO  utilrsw.logger Writing ..\2024-May-Storm-data\_processed\shelby\GIC_compare_correlation_GMU.pdf
2025-07-28T18:04:24.825073Z INFO  utilrsw.logger Writing ..\2024-May-Storm-data\_processed\shelby\GIC_histogram_meas_calc.png
2025-07-28T18:04:25.507445Z INFO  utilrsw.logger Writing ..\2024-May-Storm-data\_processed\shelby\GIC_histogram_meas_calc.pdf
2025-07-28T18:04:26.067159Z INFO  utilrsw.logger Writing ..\2024-May-Storm-data\_processed\southaven\GIC_compare_timeseries.png
2025-07-28T18:04:27.053012Z INFO  utilrsw.logger Writing ..\2024-May-Storm-data\_processed\southaven\GIC_compare_timeseries.pdf
2025-07-28T18:04:27.889684Z INFO  utilrsw.logger Writing ..\2024-May-Storm-data\_processed\southaven\GIC_compare_timeseries_GMU.png
2025-07-28T18:04:28.714626Z INFO  utilrsw.logger Writing ..\2024-May-Storm-data\_processed\southaven\GIC_compare_timeseries_GMU.pdf
2025-07-28T18:04:29.200860Z INFO  utilrsw.logger Writing ..\2024-May-Storm-data\_processed\southaven\GIC_compare_correlation.png
2025-07-28T18:04:30.006833Z INFO  utilrsw.logger Writing ..\2024-May-Storm-data\_processed\southaven\GIC_compare_correlation.pdf
2025-07-28T18:04:30.438820Z INFO  utilrsw.logger Writing ..\2024-May-Storm-data\_processed\southaven\GIC_compare_correlation_GMU.png
2025-07-28T18:04:31.267825Z INFO  utilrsw.logger Writing ..\2024-May-Storm-data\_processed\southaven\GIC_compare_correlation_GMU.pdf
2025-07-28T18:04:31.663779Z INFO  utilrsw.logger Writing ..\2024-May-Storm-data\_processed\southaven\GIC_histogram_meas_calc.png
2025-07-28T18:04:32.383547Z INFO  utilrsw.logger Writing ..\2024-May-Storm-data\_processed\southaven\GIC_histogram_meas_calc.pdf
2025-07-28T18:04:33.556647Z INFO  utilrsw.logger Writing ..\2024-May-Storm-data\_processed\sullivan\GIC_compare_timeseries.png
2025-07-28T18:04:34.519496Z INFO  utilrsw.logger Writing ..\2024-May-Storm-data\_processed\sullivan\GIC_compare_timeseries.pdf
2025-07-28T18:04:35.239718Z INFO  utilrsw.logger Writing ..\2024-May-Storm-data\_processed\sullivan\GIC_compare_timeseries_GMU.png
2025-07-28T18:04:36.387208Z INFO  utilrsw.logger Writing ..\2024-May-Storm-data\_processed\sullivan\GIC_compare_timeseries_GMU.pdf
2025-07-28T18:04:36.950372Z INFO  utilrsw.logger Writing ..\2024-May-Storm-data\_processed\sullivan\GIC_compare_correlation.png
2025-07-28T18:04:37.691978Z INFO  utilrsw.logger Writing ..\2024-May-Storm-data\_processed\sullivan\GIC_compare_correlation.pdf
2025-07-28T18:04:38.205986Z INFO  utilrsw.logger Writing ..\2024-May-Storm-data\_processed\sullivan\GIC_compare_correlation_GMU.png
2025-07-28T18:04:38.974403Z INFO  utilrsw.logger Writing ..\2024-May-Storm-data\_processed\sullivan\GIC_compare_correlation_GMU.pdf
2025-07-28T18:04:39.412712Z INFO  utilrsw.logger Writing ..\2024-May-Storm-data\_processed\sullivan\GIC_histogram_meas_calc.png
2025-07-28T18:04:40.117157Z INFO  utilrsw.logger Writing ..\2024-May-Storm-data\_processed\sullivan\GIC_histogram_meas_calc.pdf
2025-07-28T18:04:41.210702Z INFO  utilrsw.logger Writing ..\2024-May-Storm-data\_processed\union\B_compare_timeseries.png
2025-07-28T18:04:42.362381Z INFO  utilrsw.logger Writing ..\2024-May-Storm-data\_processed\union\B_compare_timeseries.pdf
2025-07-28T18:04:43.478128Z INFO  utilrsw.logger Writing ..\2024-May-Storm-data\_processed\union\B_compare_correlation.png
2025-07-28T18:04:44.396314Z INFO  utilrsw.logger Writing ..\2024-May-Storm-data\_processed\union\B_compare_correlation.pdf
2025-07-28T18:04:45.037798Z INFO  utilrsw.logger Writing ..\2024-May-Storm-data\_processed\union\B_histogram_meas_calc.png
2025-07-28T18:04:45.811743Z INFO  utilrsw.logger Writing ..\2024-May-Storm-data\_processed\union\B_histogram_meas_calc.pdf
2025-07-28T18:04:46.441557Z INFO  utilrsw.logger Writing ..\2024-May-Storm-data\_processed\union\GIC_compare_timeseries.png
2025-07-28T18:04:47.542166Z INFO  utilrsw.logger Writing ..\2024-May-Storm-data\_processed\union\GIC_compare_timeseries.pdf
2025-07-28T18:04:47.800917Z INFO  utilrsw.logger Writing ..\2024-May-Storm-paper\figures\_processed\union\GIC_compare_timeseries.pdf
2025-07-28T18:04:48.741018Z INFO  utilrsw.logger Writing ..\2024-May-Storm-data\_processed\union\GIC_compare_timeseries_TVA.png
2025-07-28T18:04:49.657121Z INFO  utilrsw.logger Writing ..\2024-May-Storm-data\_processed\union\GIC_compare_timeseries_TVA.pdf
2025-07-28T18:04:50.341342Z INFO  utilrsw.logger Writing ..\2024-May-Storm-data\_processed\union\GIC_compare_timeseries_GMU.png
2025-07-28T18:04:51.301319Z INFO  utilrsw.logger Writing ..\2024-May-Storm-data\_processed\union\GIC_compare_timeseries_GMU.pdf
2025-07-28T18:04:52.171237Z INFO  utilrsw.logger Writing ..\2024-May-Storm-data\_processed\union\GIC_compare_correlation.png
2025-07-28T18:04:53.075891Z INFO  utilrsw.logger Writing ..\2024-May-Storm-data\_processed\union\GIC_compare_correlation.pdf
2025-07-28T18:04:53.436236Z INFO  utilrsw.logger Writing ..\2024-May-Storm-paper\figures\_processed\union\GIC_compare_correlation.pdf
2025-07-28T18:04:54.147364Z INFO  utilrsw.logger Writing ..\2024-May-Storm-data\_processed\union\GIC_compare_correlation_TVA.png
2025-07-28T18:04:54.883427Z INFO  utilrsw.logger Writing ..\2024-May-Storm-data\_processed\union\GIC_compare_correlation_TVA.pdf
2025-07-28T18:04:55.319211Z INFO  utilrsw.logger Writing ..\2024-May-Storm-data\_processed\union\GIC_compare_correlation_GMU.png
2025-07-28T18:04:56.043634Z INFO  utilrsw.logger Writing ..\2024-May-Storm-data\_processed\union\GIC_compare_correlation_GMU.pdf
2025-07-28T18:04:56.440416Z INFO  utilrsw.logger Writing ..\2024-May-Storm-data\_processed\union\GIC_histogram_meas_calc.png
2025-07-28T18:04:57.069137Z INFO  utilrsw.logger Writing ..\2024-May-Storm-data\_processed\union\GIC_histogram_meas_calc.pdf
